<?xml version="1.0" encoding="UTF-8"?>
<testng-results skipped="0" failed="0" ignored="0" total="1" passed="1">
  <reporter-output>
  </reporter-output>
  <suite name="Default suite" duration-ms="175" started-at="2018-10-27T22:57:03Z" finished-at="2018-10-27T22:57:03Z">
    <groups>
    </groups>
    <test name="Default test" duration-ms="175" started-at="2018-10-27T22:57:03Z" finished-at="2018-10-27T22:57:03Z">
      <class name="qa.ebay.test.LoginTest">
        <test-method status="PASS" signature="login()[pri:0, instance:qa.ebay.test.LoginTest@48eff760]" name="login" duration-ms="47" started-at="2018-10-27T23:57:03Z" finished-at="2018-10-27T23:57:03Z">
          <reporter-output>
          </reporter-output>
        </test-method> <!-- login -->
      </class> <!-- qa.ebay.test.LoginTest -->
    </test> <!-- Default test -->
  </suite> <!-- Default suite -->
</testng-results>
